\BOOKMARK [2][-]{section*.1}{\376\377\000T\000h\000i\000n\000g\000s\000\040\000o\000u\000t\000s\000t\000a\000n\000d\000i\000n\000g\000\040\000i\000n\000\040\000m\000r\000d\000s}{}% 1
\BOOKMARK [2][-]{section*.2}{\376\377\000C\000a\000p\000e\000r\000c\000a\000i\000l\000l\000i\000e\000\040\000D\000a\000t\000a}{}% 2
\BOOKMARK [2][-]{section*.3}{\376\377\000C\000u\000e\000\040\000C\000o\000u\000n\000t\000i\000n\000g\000\040\000D\000a\000t\000a}{}% 3
\BOOKMARK [2][-]{section*.4}{\376\377\000D\000u\000c\000k\000n\000e\000s\000t\000\040\000D\000a\000t\000a}{}% 4
\BOOKMARK [2][-]{section*.5}{\376\377\000D\000u\000i\000k\000e\000r\000C\000a\000m\000e\000r\000a\000T\000r\000a\000p\000s}{}% 5
\BOOKMARK [2][-]{section*.6}{\376\377\000L\000T\000E\000x\000e\000r\000c\000i\000s\000e\000\040\000D\000a\000t\000a}{}% 6
\BOOKMARK [2][-]{section*.7}{\376\377\000P\000T\000E\000x\000e\000r\000c\000i\000s\000e\000\040\000D\000a\000t\000a}{}% 7
\BOOKMARK [2][-]{section*.8}{\376\377\000S\000a\000v\000a\000n\000n\000a\000h\000\040\000S\000p\000a\000r\000r\000o\000w\000\040\0001\0009\0008\0000}{}% 8
\BOOKMARK [2][-]{section*.9}{\376\377\000S\000a\000v\000a\000n\000n\000a\000h\000\040\000S\000p\000a\000r\000r\000o\000w\000\040\0001\0009\0008\0001}{}% 9
\BOOKMARK [2][-]{section*.10}{\376\377\000S\000i\000k\000a\000\040\000D\000e\000e\000r}{}% 10
\BOOKMARK [2][-]{section*.11}{\376\377\000W\000r\000e\000n\000\040\0005\000\040\000m\000i\000n\000u\000t\000e\000\040\000c\000o\000u\000n\000t}{}% 11
\BOOKMARK [2][-]{section*.12}{\376\377\000W\000r\000e\000n\000\040\000c\000u\000e\000\040\000c\000o\000u\000n\000t\000i\000n\000g}{}% 12
\BOOKMARK [2][-]{section*.13}{\376\377\000W\000r\000e\000n\000\040\000l\000i\000n\000e\000\040\000t\000r\000a\000n\000s\000e\000c\000t}{}% 13
\BOOKMARK [2][-]{section*.14}{\376\377\000W\000r\000e\000n\000\040\000s\000n\000a\000p\000s\000h\000o\000t}{}% 14
\BOOKMARK [2][-]{section*.15}{\376\377\000d\000a\000t\000h\000r\0001}{}% 15
\BOOKMARK [2][-]{section*.16}{\376\377\000d\000a\000t\000h\000r\0002}{}% 16
\BOOKMARK [2][-]{section*.17}{\376\377\000d\000a\000t\000h\000r\0003}{}% 17
\BOOKMARK [2][-]{section*.18}{\376\377\000d\000a\000t\000h\000r\0004}{}% 18
\BOOKMARK [2][-]{section*.19}{\376\377\000r\000o\000c\000i\000o\000\137\000d\000a\000t}{}% 19
\BOOKMARK [2][-]{section*.20}{\376\377\000r\000o\000c\000i\000o\000\137\000d\000a\000t\0002}{}% 20
\BOOKMARK [2][-]{section*.21}{\376\377\000a\000m\000a\000k\000i\000h\000i}{}% 21
\BOOKMARK [2][-]{section*.22}{\376\377\000a\000m\000a\000k\000i\000h\000i}{}% 22
